<?xml version="1.0" encoding="UTF-8"?>
<!-- Generated by org.testng.reporters.JUnitReportReporter -->
<testsuite hostname="MWDH-Work2" failures="0" tests="1" name="SeleniumWithChrome.chromeWebDriver" time="82.856" errors="0" timestamp="2022-07-23T22:25:16 AST" skipped="0">
  <testcase classname="SeleniumWithChrome.chromeWebDriver" name="chrome" time="82.856"/>
  <system-out/>
</testsuite> <!-- SeleniumWithChrome.chromeWebDriver -->
